<?xml version="1.0" encoding="UTF-8"?>
<!-- Generated by org.testng.reporters.JUnitReportReporter -->
<testsuite skipped="1" hostname="Mohit-Gulati" name="com.pfl.automation.org62.testcases.TS_08_verify_changes_when_swagig_license_assign" tests="1" failures="0" timestamp="07 Jun 2019 08:39:28 GMT" time="0.000" errors="0">
  <testcase name="TS_08_01_Verify_the_header_SwagIQ_Licenses_Administration_of_License_tab" time="0.000" classname="com.pfl.automation.org62.testcases.TS_08_verify_changes_when_swagig_license_assign">
    <skipped/>
  </testcase> <!-- TS_08_01_Verify_the_header_SwagIQ_Licenses_Administration_of_License_tab -->
</testsuite> <!-- com.pfl.automation.org62.testcases.TS_08_verify_changes_when_swagig_license_assign -->
