<?xml version="1.0" encoding="UTF-8"?>
<!-- Generated by org.testng.reporters.JUnitReportReporter -->
<testsuite skipped="1" hostname="Mohit-Gulati" name="com.pfl.automation.org62.testcases.TS25_Administration_User_Advance_Search" tests="1" failures="0" timestamp="07 Jun 2019 08:39:28 GMT" time="0.000" errors="0">
  <testcase name="TS25_01_Verifying_the_advanced_search_functionality" time="0.000" classname="com.pfl.automation.org62.testcases.TS25_Administration_User_Advance_Search">
    <skipped/>
  </testcase> <!-- TS25_01_Verifying_the_advanced_search_functionality -->
</testsuite> <!-- com.pfl.automation.org62.testcases.TS25_Administration_User_Advance_Search -->
