<?xml version="1.0" encoding="UTF-8"?>
<!-- Generated by org.testng.reporters.JUnitReportReporter -->
<testsuite skipped="1" hostname="Mohit-Gulati" name="com.pfl.automation.org62.testcases.TS_13_verifying_product_configuration" tests="1" failures="0" timestamp="07 Jun 2019 08:39:28 GMT" time="0.000" errors="0">
  <testcase name="TS_13_01_Verify_Product_Configuration_Display_Name_or_Quantity_Under_Product_Administration" time="0.000" classname="com.pfl.automation.org62.testcases.TS_13_verifying_product_configuration">
    <skipped/>
  </testcase> <!-- TS_13_01_Verify_Product_Configuration_Display_Name_or_Quantity_Under_Product_Administration -->
</testsuite> <!-- com.pfl.automation.org62.testcases.TS_13_verifying_product_configuration -->
