<?xml version="1.0" encoding="UTF-8"?>
<!-- Generated by org.testng.reporters.JUnitReportReporter -->
<testsuite skipped="1" hostname="Mohit-Gulati" name="com.pfl.automation.org62.testcases.TS_20_send_swag_validation_message" tests="1" failures="0" timestamp="07 Jun 2019 08:39:28 GMT" time="0.000" errors="0">
  <testcase name="TS_20_01_Verify_validation_message_displayed_user_if_no_program_associated_to_user_on_send_swag_screen" time="0.000" classname="com.pfl.automation.org62.testcases.TS_20_send_swag_validation_message">
    <skipped/>
  </testcase> <!-- TS_20_01_Verify_validation_message_displayed_user_if_no_program_associated_to_user_on_send_swag_screen -->
</testsuite> <!-- com.pfl.automation.org62.testcases.TS_20_send_swag_validation_message -->
