<?xml version="1.0" encoding="UTF-8"?>
<!-- Generated by org.testng.reporters.JUnitReportReporter -->
<testsuite skipped="1" hostname="Mohit-Gulati" name="com.pfl.automation.org62.testcases.TS_22_product_verify_active_inactive_state" tests="1" failures="0" timestamp="07 Jun 2019 08:39:28 GMT" time="0.000" errors="0">
  <testcase name="TS_22_01_Verifying_Active_State_of_Product_on_Product_Administration" time="0.000" classname="com.pfl.automation.org62.testcases.TS_22_product_verify_active_inactive_state">
    <skipped/>
  </testcase> <!-- TS_22_01_Verifying_Active_State_of_Product_on_Product_Administration -->
</testsuite> <!-- com.pfl.automation.org62.testcases.TS_22_product_verify_active_inactive_state -->
