<?xml version="1.0" encoding="UTF-8"?>
<!-- Generated by org.testng.reporters.JUnitReportReporter -->
<testsuite skipped="1" hostname="Mohit-Gulati" name="com.pfl.automation.base.FindBrokenLinksExample" tests="1" failures="0" timestamp="07 Jun 2019 08:39:28 GMT" time="0.000" errors="0">
  <testcase name="validateInvalidLinks" time="0.000" classname="com.pfl.automation.base.FindBrokenLinksExample">
    <skipped/>
  </testcase> <!-- validateInvalidLinks -->
</testsuite> <!-- com.pfl.automation.base.FindBrokenLinksExample -->
