<?xml version="1.0" encoding="UTF-8"?>
<!-- Generated by org.testng.reporters.JUnitReportReporter -->
<testsuite skipped="1" hostname="Mohit-Gulati" name="com.pfl.automation.org62.testcases.TS21_Enable_Disable_State_Of_Program_On_Send_Swag" tests="1" failures="0" timestamp="07 Jun 2019 08:39:28 GMT" time="0.000" errors="0">
  <testcase name="TS21_DataSet_Creation" time="0.000" classname="com.pfl.automation.org62.testcases.TS21_Enable_Disable_State_Of_Program_On_Send_Swag">
    <skipped/>
  </testcase> <!-- TS21_DataSet_Creation -->
</testsuite> <!-- com.pfl.automation.org62.testcases.TS21_Enable_Disable_State_Of_Program_On_Send_Swag -->
