<?xml version="1.0" encoding="UTF-8"?>
<!-- Generated by org.testng.reporters.JUnitReportReporter -->
<testsuite skipped="1" hostname="Mohit-Gulati" name="com.pfl.automation.org62.testcases.TS16_Contact_length_validation_on_custom_address" tests="1" failures="0" timestamp="07 Jun 2019 08:39:28 GMT" time="0.000" errors="0">
  <testcase name="TS_16_DataSet_Creation" time="0.000" classname="com.pfl.automation.org62.testcases.TS16_Contact_length_validation_on_custom_address">
    <skipped/>
  </testcase> <!-- TS_16_DataSet_Creation -->
</testsuite> <!-- com.pfl.automation.org62.testcases.TS16_Contact_length_validation_on_custom_address -->
